# JRE version: OpenJDK Runtime Environment (8.0_112-b06) (build 1.8.0_112-release-b06)
# Java VM: OpenJDK 64-Bit Server VM (25.112-b06 mixed mode windows-amd64 compressed oops)
Heap:
 PSYoungGen      total 155136K, used 138784K [0x00000000e0000000, 0x00000000eb800000, 0x0000000100000000)
  eden space 144384K, 96% used [0x00000000e0000000,0x00000000e8788298,0x00000000e8d00000)
  from space 10752K, 0% used [0x00000000e9980000,0x00000000e9980000,0x00000000ea400000)
  to   space 12800K, 0% used [0x00000000e8d00000,0x00000000e8d00000,0x00000000e9980000)
 ParOldGen       total 48128K, used 17066K [0x00000000a0000000, 0x00000000a2f00000, 0x00000000e0000000)
  object space 48128K, 35% used [0x00000000a0000000,0x00000000a10aab98,0x00000000a2f00000)
 Metaspace       used 43146K, capacity 44142K, committed 44288K, reserved 1087488K
  class space    used 5788K, capacity 6021K, committed 6144K, reserved 1048576K
GC Heap History (10 events):
Event: 74.258 GC heap before
{Heap before GC invocations=6 (full 1):
 PSYoungGen      total 51200K, used 2032K [0x00000000e0000000, 0x00000000e7400000, 0x0000000100000000)
  eden space 49152K, 0% used [0x00000000e0000000,0x00000000e0000000,0x00000000e3000000)
  from space 2048K, 99% used [0x00000000e3000000,0x00000000e31fc030,0x00000000e3200000)
  to   space 10240K, 0% used [0x00000000e6a00000,0x00000000e6a00000,0x00000000e7400000)
 ParOldGen       total 32768K, used 14172K [0x00000000a0000000, 0x00000000a2000000, 0x00000000e0000000)
  object space 32768K, 43% used [0x00000000a0000000,0x00000000a0dd7340,0x00000000a2000000)
 Metaspace       used 20837K, capacity 21230K, committed 21296K, reserved 1067008K
  class space    used 2795K, capacity 2944K, committed 2944K, reserved 1048576K
Event: 74.750 GC heap after
Heap after GC invocations=6 (full 1):
 PSYoungGen      total 51200K, used 0K [0x00000000e0000000, 0x00000000e7400000, 0x0000000100000000)
  eden space 49152K, 0% used [0x00000000e0000000,0x00000000e0000000,0x00000000e3000000)
  from space 2048K, 0% used [0x00000000e3000000,0x00000000e3000000,0x00000000e3200000)
  to   space 10240K, 0% used [0x00000000e6a00000,0x00000000e6a00000,0x00000000e7400000)
 ParOldGen       total 36864K, used 13515K [0x00000000a0000000, 0x00000000a2400000, 0x00000000e0000000)
  object space 36864K, 36% used [0x00000000a0000000,0x00000000a0d32fc8,0x00000000a2400000)
 Metaspace       used 20837K, capacity 21230K, committed 21296K, reserved 1067008K
  class space    used 2795K, capacity 2944K, committed 2944K, reserved 1048576K
}
Event: 81.892 GC heap before
{Heap before GC invocations=7 (full 1):
 PSYoungGen      total 51200K, used 49152K [0x00000000e0000000, 0x00000000e7400000, 0x0000000100000000)
  eden space 49152K, 100% used [0x00000000e0000000,0x00000000e3000000,0x00000000e3000000)
  from space 2048K, 0% used [0x00000000e3000000,0x00000000e3000000,0x00000000e3200000)
  to   space 10240K, 0% used [0x00000000e6a00000,0x00000000e6a00000,0x00000000e7400000)
 ParOldGen       total 36864K, used 13515K [0x00000000a0000000, 0x00000000a2400000, 0x00000000e0000000)
  object space 36864K, 36% used [0x00000000a0000000,0x00000000a0d32fc8,0x00000000a2400000)
 Metaspace       used 24832K, capacity 25348K, committed 25600K, reserved 1071104K
  class space    used 3382K, capacity 3519K, committed 3584K, reserved 1048576K
Event: 81.949 GC heap after
Heap after GC invocations=7 (full 1):
 PSYoungGen      total 91648K, used 5615K [0x00000000e0000000, 0x00000000e6f80000, 0x0000000100000000)
  eden space 86016K, 0% used [0x00000000e0000000,0x00000000e0000000,0x00000000e5400000)
  from space 5632K, 99% used [0x00000000e6a00000,0x00000000e6f7bfb0,0x00000000e6f80000)
  to   space 9728K, 0% used [0x00000000e5c80000,0x00000000e5c80000,0x00000000e6600000)
 ParOldGen       total 36864K, used 13523K [0x00000000a0000000, 0x00000000a2400000, 0x00000000e0000000)
  object space 36864K, 36% used [0x00000000a0000000,0x00000000a0d34fc8,0x00000000a2400000)
 Metaspace       used 24832K, capacity 25348K, committed 25600K, reserved 1071104K
  class space    used 3382K, capacity 3519K, committed 3584K, reserved 1048576K
}
Event: 102.895 GC heap before
{Heap before GC invocations=8 (full 1):
 PSYoungGen      total 91648K, used 91631K [0x00000000e0000000, 0x00000000e6f80000, 0x0000000100000000)
  eden space 86016K, 100% used [0x00000000e0000000,0x00000000e5400000,0x00000000e5400000)
  from space 5632K, 99% used [0x00000000e6a00000,0x00000000e6f7bfb0,0x00000000e6f80000)
  to   space 9728K, 0% used [0x00000000e5c80000,0x00000000e5c80000,0x00000000e6600000)
 ParOldGen       total 36864K, used 13523K [0x00000000a0000000, 0x00000000a2400000, 0x00000000e0000000)
  object space 36864K, 36% used [0x00000000a0000000,0x00000000a0d34fc8,0x00000000a2400000)
 Metaspace       used 29990K, capacity 30608K, committed 30720K, reserved 1075200K
  class space    used 4083K, capacity 4242K, committed 4352K, reserved 1048576K
Event: 102.989 GC heap after
Heap after GC invocations=8 (full 1):
 PSYoungGen      total 104448K, used 8719K [0x00000000e0000000, 0x00000000ea400000, 0x0000000100000000)
  eden space 94720K, 0% used [0x00000000e0000000,0x00000000e0000000,0x00000000e5c80000)
  from space 9728K, 89% used [0x00000000e5c80000,0x00000000e6503ec8,0x00000000e6600000)
  to   space 10752K, 0% used [0x00000000e9980000,0x00000000e9980000,0x00000000ea400000)
 ParOldGen       total 36864K, used 13531K [0x00000000a0000000, 0x00000000a2400000, 0x00000000e0000000)
  object space 36864K, 36% used [0x00000000a0000000,0x00000000a0d36fc8,0x00000000a2400000)
 Metaspace       used 29990K, capacity 30608K, committed 30720K, reserved 1075200K
  class space    used 4083K, capacity 4242K, committed 4352K, reserved 1048576K
}
Event: 108.021 GC heap before
{Heap before GC invocations=9 (full 1):
 PSYoungGen      total 104448K, used 49271K [0x00000000e0000000, 0x00000000ea400000, 0x0000000100000000)
  eden space 94720K, 42% used [0x00000000e0000000,0x00000000e2799e80,0x00000000e5c80000)
  from space 9728K, 89% used [0x00000000e5c80000,0x00000000e6503ec8,0x00000000e6600000)
  to   space 10752K, 0% used [0x00000000e9980000,0x00000000e9980000,0x00000000ea400000)
 ParOldGen       total 36864K, used 13531K [0x00000000a0000000, 0x00000000a2400000, 0x00000000e0000000)
  object space 36864K, 36% used [0x00000000a0000000,0x00000000a0d36fc8,0x00000000a2400000)
 Metaspace       used 34540K, capacity 35244K, committed 35456K, reserved 1079296K
  class space    used 4652K, capacity 4877K, committed 4992K, reserved 1048576K
Event: 108.132 GC heap after
Heap after GC invocations=9 (full 1):
 PSYoungGen      total 155136K, used 10740K [0x00000000e0000000, 0x00000000eb800000, 0x0000000100000000)
  eden space 144384K, 0% used [0x00000000e0000000,0x00000000e0000000,0x00000000e8d00000)
  from space 10752K, 99% used [0x00000000e9980000,0x00000000ea3fd030,0x00000000ea400000)
  to   space 12800K, 0% used [0x00000000e8d00000,0x00000000e8d00000,0x00000000e9980000)
 ParOldGen       total 36864K, used 13643K [0x00000000a0000000, 0x00000000a2400000, 0x00000000e0000000)
  object space 36864K, 37% used [0x00000000a0000000,0x00000000a0d52fc8,0x00000000a2400000)
 Metaspace       used 34540K, capacity 35244K, committed 35456K, reserved 1079296K
  class space    used 4652K, capacity 4877K, committed 4992K, reserved 1048576K
}
Event: 108.132 GC heap before
{Heap before GC invocations=10 (full 2):
 PSYoungGen      total 155136K, used 10740K [0x00000000e0000000, 0x00000000eb800000, 0x0000000100000000)
  eden space 144384K, 0% used [0x00000000e0000000,0x00000000e0000000,0x00000000e8d00000)
  from space 10752K, 99% used [0x00000000e9980000,0x00000000ea3fd030,0x00000000ea400000)
  to   space 12800K, 0% used [0x00000000e8d00000,0x00000000e8d00000,0x00000000e9980000)
 ParOldGen       total 36864K, used 13643K [0x00000000a0000000, 0x00000000a2400000, 0x00000000e0000000)
  object space 36864K, 37% used [0x00000000a0000000,0x00000000a0d52fc8,0x00000000a2400000)
 Metaspace       used 34540K, capacity 35244K, committed 35456K, reserved 1079296K
  class space    used 4652K, capacity 4877K, committed 4992K, reserved 1048576K
Event: 109.206 GC heap after
Heap after GC invocations=10 (full 2):
 PSYoungGen      total 155136K, used 0K [0x00000000e0000000, 0x00000000eb800000, 0x0000000100000000)
  eden space 144384K, 0% used [0x00000000e0000000,0x00000000e0000000,0x00000000e8d00000)
  from space 10752K, 0% used [0x00000000e9980000,0x00000000e9980000,0x00000000ea400000)
  to   space 12800K, 0% used [0x00000000e8d00000,0x00000000e8d00000,0x00000000e9980000)
 ParOldGen       total 48128K, used 17066K [0x00000000a0000000, 0x00000000a2f00000, 0x00000000e0000000)
  object space 48128K, 35% used [0x00000000a0000000,0x00000000a10aab98,0x00000000a2f00000)
 Metaspace       used 34540K, capacity 35244K, committed 35456K, reserved 1079296K
  class space    used 4652K, capacity 4877K, committed 4992K, reserved 1048576K
}

